<?xml version="1.0" encoding="UTF-8"?>
<!-- Generated by org.testng.reporters.JUnitReportReporter -->
<testsuite hostname="Ashus" failures="0" tests="1" name="ComplexJsonParseV2" time="1.164" errors="0" timestamp="2022-11-15T09:42:36 IST" skipped="0">
  <testcase classname="ComplexJsonParseV2" name="SumoffCourse" time="1.164"/>
  <system-out/>
</testsuite> <!-- ComplexJsonParseV2 -->
