<?xml version="1.0" encoding="UTF-8"?>
<!-- Generated by org.testng.reporters.JUnitReportReporter -->
<testsuite hostname="Ashus" failures="0" tests="3" name="ParameterizeAPITestsMultipleDataSetsSection7" time="2.309" errors="0" timestamp="2022-11-21T22:35:13 IST" skipped="0">
  <testcase classname="ParameterizeAPITestsMultipleDataSetsSection7" name="AddBook" time="0.213"/>
  <system-out/>
  <testcase classname="ParameterizeAPITestsMultipleDataSetsSection7" name="AddBook" time="1.880"/>
  <system-out/>
  <testcase classname="ParameterizeAPITestsMultipleDataSetsSection7" name="AddBook" time="0.216"/>
  <system-out/>
</testsuite> <!-- ParameterizeAPITestsMultipleDataSetsSection7 -->
