<?xml version="1.0" encoding="UTF-8"?>
<!-- Generated by org.testng.reporters.JUnitReportReporter -->
<testsuite hostname="Ashus" failures="0" tests="1" name="DynamicJsonSection7" time="5.281" errors="0" timestamp="2022-11-20T23:41:05 IST" skipped="0">
  <testcase classname="DynamicJsonSection7" name="AddBook" time="5.281"/>
  <system-out/>
</testsuite> <!-- DynamicJsonSection7 -->
